2023-10-19 12:41:19,793 INFO i.g.b.w.WebDriverManager [main] Using chromedriver 118.0.5993.70 (resolved driver for Chrome 118)
2023-10-19 12:41:19,945 INFO i.g.b.w.WebDriverManager [main] Exporting webdriver.chrome.driver as C:\Users\tyavi\.cache\selenium\chromedriver\win64\118.0.5993.70\chromedriver.exe
2023-10-19 12:42:55,083 INFO WorkWithElements [main] [advcake_track_id=b91b80c1-6fdb-efb3-264b-951765965a7a; expires=–°–±, 18 –Ω–æ—è 2023 12:42:49 MSK; path=/; domain=.otus.ru;secure;; sameSite=None, _ym_uid=1697708569168657460; expires=–ü—Ç, 18 –æ–∫—Ç 2024 12:42:49 MSK; path=/; domain=.otus.ru;secure;; sameSite=None, _ym_isad=2; expires=–ü—Ç, 20 –æ–∫—Ç 2023 08:42:50 MSK; path=/; domain=.otus.ru;secure;; sameSite=None, _ga=GA1.1.2133763517.1697708570; expires=–ü—Ç, 22 –Ω–æ—è 2024 12:42:50 MSK; path=/; domain=.otus.ru; sameSite=Lax, _ga_N2GWLW9R5Z=GS1.1.1697708569.1.0.1697708569.60.0.0; expires=–ü—Ç, 22 –Ω–æ—è 2024 12:42:50 MSK; path=/; domain=.otus.ru; sameSite=Lax, _ym_d=1697708569; expires=–ü—Ç, 18 –æ–∫—Ç 2024 12:42:49 MSK; path=/; domain=.otus.ru;secure;; sameSite=None, oid=ec4f417ad1daafa3ddeceb0caadf7f7f; expires=–ü—Ç, 22 –Ω–æ—è 2024 12:42:53 MSK; path=/; domain=.otus.ru; sameSite=Lax, _ttp=suYSBRPP2JNczVHquIG9ogwff8X; expires=–í—Ç, 12 –Ω–æ—è 2024 12:42:50 MSK; path=/; domain=.otus.ru; sameSite=Lax, _tt_enable_cookie=1; expires=–í—Ç, 12 –Ω–æ—è 2024 12:42:50 MSK; path=/; domain=.otus.ru; sameSite=Lax, advcake_session_id=5ce4d4a0-7844-f471-0492-03df17e0542c; expires=–°–±, 18 –Ω–æ—è 2023 12:42:49 MSK; path=/; domain=.otus.ru;secure;; sameSite=None, utm=utm_source%3Dtypein%26utm_medium%3Ddirect; expires=–ü—Ç, 22 –Ω–æ—è 2024 12:42:53 MSK; path=/; domain=.otus.ru; sameSite=Lax]
2023-10-19 14:12:08,044 INFO i.g.b.w.WebDriverManager [main] Using chromedriver 118.0.5993.70 (resolved driver for Chrome 118)
2023-10-19 14:12:08,138 INFO i.g.b.w.WebDriverManager [main] Exporting webdriver.chrome.driver as C:\Users\tyavi\.cache\selenium\chromedriver\win64\118.0.5993.70\chromedriver.exe
2023-10-19 14:13:17,473 INFO WorkWithElements [main] [_ym_uid=1697713990334595896; expires=–ü—Ç, 18 –æ–∫—Ç 2024 02:13:10 MSK; path=/; domain=.otus.ru;secure;; sameSite=None, advcake_track_id=51cfea5f-1737-1280-c8f0-4d46a1727af0; expires=–°–±, 18 –Ω–æ—è 2023 02:13:10 MSK; path=/; domain=.otus.ru;secure;; sameSite=None, _ym_isad=2; expires=–ü—Ç, 20 –æ–∫—Ç 2023 10:13:10 MSK; path=/; domain=.otus.ru;secure;; sameSite=None, _ga=GA1.1.2139113634.1697713991; expires=–ü—Ç, 22 –Ω–æ—è 2024 02:13:10 MSK; path=/; domain=.otus.ru; sameSite=Lax, _ga_N2GWLW9R5Z=GS1.1.1697713990.1.0.1697713990.60.0.0; expires=–ü—Ç, 22 –Ω–æ—è 2024 02:13:10 MSK; path=/; domain=.otus.ru; sameSite=Lax, _ym_d=1697713990; expires=–ü—Ç, 18 –æ–∫—Ç 2024 02:13:10 MSK; path=/; domain=.otus.ru;secure;; sameSite=None, oid=e12e9478a8af44c2791ae726fb29f98b; expires=–ü—Ç, 22 –Ω–æ—è 2024 02:13:15 MSK; path=/; domain=.otus.ru; sameSite=Lax, _ttp=h3jwPhLH-d1eDDn7AgrYBGjKTak; expires=–í—Ç, 12 –Ω–æ—è 2024 02:13:11 MSK; path=/; domain=.otus.ru; sameSite=Lax, _tt_enable_cookie=1; expires=–í—Ç, 12 –Ω–æ—è 2024 02:13:11 MSK; path=/; domain=.otus.ru; sameSite=Lax, _ym_visorc=w; expires=–ß—Ç, 19 –æ–∫—Ç 2023 02:43:12 MSK; path=/; domain=.otus.ru;secure;; sameSite=None, advcake_session_id=cff53d57-eb76-0fdf-e6b2-5cfd30394e0b; expires=–°–±, 18 –Ω–æ—è 2023 02:13:10 MSK; path=/; domain=.otus.ru;secure;; sameSite=None, utm=utm_source%3Dtypein%26utm_medium%3Ddirect; expires=–ü—Ç, 22 –Ω–æ—è 2024 02:13:15 MSK; path=/; domain=.otus.ru; sameSite=Lax]
2023-10-25 13:43:19,197 INFO i.g.b.w.WebDriverManager [main] Using chromedriver 118.0.5993.70 (resolved driver for Chrome 118)
2023-10-25 13:43:19,238 INFO i.g.b.w.WebDriverManager [main] Exporting webdriver.chrome.driver as C:\Users\tyavi\.cache\selenium\chromedriver\win64\118.0.5993.70\chromedriver.exe
2023-10-25 13:44:04,111 INFO WorkWithElements [main] [_ym_uid=169823063933866054; expires=–ß—Ç, 24 –æ–∫—Ç 2024 01:43:58 MSK; path=/; domain=.otus.ru;secure;; sameSite=None, advcake_track_id=b6261cce-0ae3-ab38-d4d5-eb0898262b24; expires=–ü—Ç, 24 –Ω–æ—è 2023 01:43:59 MSK; path=/; domain=.otus.ru;secure;; sameSite=None, _ym_isad=2; expires=–ß—Ç, 26 –æ–∫—Ç 2023 09:43:59 MSK; path=/; domain=.otus.ru;secure;; sameSite=None, _ga=GA1.1.820679640.1698230639; expires=–ß—Ç, 28 –Ω–æ—è 2024 01:43:58 MSK; path=/; domain=.otus.ru; sameSite=Lax, _ga_N2GWLW9R5Z=GS1.1.1698230638.1.0.1698230638.60.0.0; expires=–ß—Ç, 28 –Ω–æ—è 2024 01:43:58 MSK; path=/; domain=.otus.ru; sameSite=Lax, _ym_d=1698230639; expires=–ß—Ç, 24 –æ–∫—Ç 2024 01:43:58 MSK; path=/; domain=.otus.ru;secure;; sameSite=None, oid=2a85e3526a78f5e7c888e07f001bea69; expires=–ß—Ç, 28 –Ω–æ—è 2024 01:44:00 MSK; path=/; domain=.otus.ru; sameSite=Lax, _ttp=iQ4BAd4vs8N1YtWm1-htqCdE1to; expires=–ü–Ω, 18 –Ω–æ—è 2024 01:43:59 MSK; path=/; domain=.otus.ru; sameSite=Lax, _tt_enable_cookie=1; expires=–ü–Ω, 18 –Ω–æ—è 2024 01:43:59 MSK; path=/; domain=.otus.ru; sameSite=Lax, _ym_visorc=w; expires=–°—Ä, 25 –æ–∫—Ç 2023 02:14:01 MSK; path=/; domain=.otus.ru;secure;; sameSite=None, advcake_session_id=4719b0ad-6139-1e5b-e0f6-3c84d57c04b4; expires=–ü—Ç, 24 –Ω–æ—è 2023 01:43:59 MSK; path=/; domain=.otus.ru;secure;; sameSite=None, utm=utm_source%3Dtypein%26utm_medium%3Ddirect; expires=–ß—Ç, 28 –Ω–æ—è 2024 01:44:00 MSK; path=/; domain=.otus.ru; sameSite=Lax]
2023-10-25 14:48:57,513 INFO i.g.b.w.WebDriverManager [main] Using chromedriver 118.0.5993.70 (resolved driver for Chrome 118)
2023-10-25 14:48:57,599 INFO i.g.b.w.WebDriverManager [main] Exporting webdriver.chrome.driver as C:\Users\tyavi\.cache\selenium\chromedriver\win64\118.0.5993.70\chromedriver.exe
2023-10-25 15:59:24,516 INFO i.g.b.w.WebDriverManager [main] Using chromedriver 118.0.5993.70 (resolved driver for Chrome 118)
2023-10-25 15:59:24,604 INFO i.g.b.w.WebDriverManager [main] Exporting webdriver.chrome.driver as C:\Users\tyavi\.cache\selenium\chromedriver\win64\118.0.5993.70\chromedriver.exe
2023-10-25 16:00:18,237 INFO TestWorkWithElements [main] [_ym_uid=1698238815117619605; expires=–ß—Ç, 24 –æ–∫—Ç 2024 04:00:15 MSK; path=/; domain=.otus.ru;secure;; sameSite=None, advcake_track_id=f5ae44de-cefb-b214-a027-0f133a7dbaaf; expires=–ü—Ç, 24 –Ω–æ—è 2023 04:00:15 MSK; path=/; domain=.otus.ru;secure;; sameSite=None, _ym_isad=2; expires=–ß—Ç, 26 –æ–∫—Ç 2023 12:00:15 MSK; path=/; domain=.otus.ru;secure;; sameSite=None, _ga=GA1.1.312497060.1698238815; expires=–ß—Ç, 28 –Ω–æ—è 2024 04:00:15 MSK; path=/; domain=.otus.ru; sameSite=Lax, _ga_N2GWLW9R5Z=GS1.1.1698238815.1.0.1698238815.60.0.0; expires=–ß—Ç, 28 –Ω–æ—è 2024 04:00:15 MSK; path=/; domain=.otus.ru; sameSite=Lax, _ym_d=1698238815; expires=–ß—Ç, 24 –æ–∫—Ç 2024 04:00:15 MSK; path=/; domain=.otus.ru;secure;; sameSite=None, oid=b9661f168c227a4eb731ff97d7d8865f; expires=–ß—Ç, 28 –Ω–æ—è 2024 04:00:17 MSK; path=/; domain=.otus.ru; sameSite=Lax, _ttp=X_95Oxxd4c-iYgT56h8sos7Vjxp; expires=–ü–Ω, 18 –Ω–æ—è 2024 04:00:15 MSK; path=/; domain=.otus.ru; sameSite=Lax, _tt_enable_cookie=1; expires=–ü–Ω, 18 –Ω–æ—è 2024 04:00:15 MSK; path=/; domain=.otus.ru; sameSite=Lax, _ym_visorc=w; expires=–°—Ä, 25 –æ–∫—Ç 2023 04:30:17 MSK; path=/; domain=.otus.ru;secure;; sameSite=None, advcake_session_id=2792463f-3793-b402-2ee0-3e80722ef5a3; expires=–ü—Ç, 24 –Ω–æ—è 2023 04:00:15 MSK; path=/; domain=.otus.ru;secure;; sameSite=None, utm=utm_source%3Dtypein%26utm_medium%3Ddirect; expires=–ß—Ç, 28 –Ω–æ—è 2024 04:00:17 MSK; path=/; domain=.otus.ru; sameSite=Lax]
2023-10-26 17:36:48,391 INFO i.g.b.w.WebDriverManager [main] Using chromedriver 118.0.5993.70 (resolved driver for Chrome 118)
2023-10-26 17:36:48,458 INFO i.g.b.w.WebDriverManager [main] Exporting webdriver.chrome.driver as C:\Users\tyavi\.cache\selenium\chromedriver\win64\118.0.5993.70\chromedriver.exe
2023-10-26 17:38:59,243 INFO i.g.b.w.WebDriverManager [main] Using chromedriver 118.0.5993.70 (resolved driver for Chrome 118)
2023-10-26 17:38:59,320 INFO i.g.b.w.WebDriverManager [main] Exporting webdriver.chrome.driver as C:\Users\tyavi\.cache\selenium\chromedriver\win64\118.0.5993.70\chromedriver.exe
2023-10-26 17:43:30,942 INFO i.g.b.w.WebDriverManager [main] Using chromedriver 118.0.5993.70 (resolved driver for Chrome 118)
2023-10-26 17:43:31,007 INFO i.g.b.w.WebDriverManager [main] Exporting webdriver.chrome.driver as C:\Users\tyavi\.cache\selenium\chromedriver\win64\118.0.5993.70\chromedriver.exe
2023-10-26 17:47:37,832 INFO i.g.b.w.WebDriverManager [main] Using chromedriver 118.0.5993.70 (resolved driver for Chrome 118)
2023-10-26 17:47:37,907 INFO i.g.b.w.WebDriverManager [main] Exporting webdriver.chrome.driver as C:\Users\tyavi\.cache\selenium\chromedriver\win64\118.0.5993.70\chromedriver.exe
2023-10-26 17:51:01,033 INFO i.g.b.w.WebDriverManager [main] Using chromedriver 118.0.5993.70 (resolved driver for Chrome 118)
2023-10-26 17:51:01,105 INFO i.g.b.w.WebDriverManager [main] Exporting webdriver.chrome.driver as C:\Users\tyavi\.cache\selenium\chromedriver\win64\118.0.5993.70\chromedriver.exe
2023-10-26 17:54:18,231 INFO i.g.b.w.WebDriverManager [main] Using chromedriver 118.0.5993.70 (resolved driver for Chrome 118)
2023-10-26 17:54:18,292 INFO i.g.b.w.WebDriverManager [main] Exporting webdriver.chrome.driver as C:\Users\tyavi\.cache\selenium\chromedriver\win64\118.0.5993.70\chromedriver.exe
2023-10-26 17:56:09,864 INFO i.g.b.w.WebDriverManager [main] Using chromedriver 118.0.5993.70 (resolved driver for Chrome 118)
2023-10-26 17:56:09,931 INFO i.g.b.w.WebDriverManager [main] Exporting webdriver.chrome.driver as C:\Users\tyavi\.cache\selenium\chromedriver\win64\118.0.5993.70\chromedriver.exe
2023-10-26 17:57:53,075 INFO i.g.b.w.WebDriverManager [main] Using chromedriver 118.0.5993.70 (resolved driver for Chrome 118)
2023-10-26 17:57:53,136 INFO i.g.b.w.WebDriverManager [main] Exporting webdriver.chrome.driver as C:\Users\tyavi\.cache\selenium\chromedriver\win64\118.0.5993.70\chromedriver.exe
2023-10-26 18:01:24,760 INFO i.g.b.w.WebDriverManager [main] Using chromedriver 118.0.5993.70 (resolved driver for Chrome 118)
2023-10-26 18:01:24,822 INFO i.g.b.w.WebDriverManager [main] Exporting webdriver.chrome.driver as C:\Users\tyavi\.cache\selenium\chromedriver\win64\118.0.5993.70\chromedriver.exe
2023-10-26 18:05:30,822 INFO i.g.b.w.WebDriverManager [main] Using chromedriver 118.0.5993.70 (resolved driver for Chrome 118)
2023-10-26 18:05:30,872 INFO i.g.b.w.WebDriverManager [main] Exporting webdriver.chrome.driver as C:\Users\tyavi\.cache\selenium\chromedriver\win64\118.0.5993.70\chromedriver.exe
2023-10-26 18:06:17,334 INFO i.g.b.w.WebDriverManager [main] Using chromedriver 118.0.5993.70 (resolved driver for Chrome 118)
2023-10-26 18:06:17,377 INFO i.g.b.w.WebDriverManager [main] Exporting webdriver.chrome.driver as C:\Users\tyavi\.cache\selenium\chromedriver\win64\118.0.5993.70\chromedriver.exe
2023-10-26 21:57:31,467 INFO i.g.b.w.WebDriverManager [main] Using chromedriver 118.0.5993.70 (resolved driver for Chrome 118)
2023-10-26 21:57:31,526 INFO i.g.b.w.WebDriverManager [main] Exporting webdriver.chrome.driver as C:\Users\tyavi\.cache\selenium\chromedriver\win64\118.0.5993.70\chromedriver.exe
2023-10-26 22:01:26,682 INFO i.g.b.w.WebDriverManager [main] Using chromedriver 118.0.5993.70 (resolved driver for Chrome 118)
2023-10-26 22:01:26,722 INFO i.g.b.w.WebDriverManager [main] Exporting webdriver.chrome.driver as C:\Users\tyavi\.cache\selenium\chromedriver\win64\118.0.5993.70\chromedriver.exe
2023-10-26 22:04:23,921 INFO i.g.b.w.WebDriverManager [main] Using chromedriver 118.0.5993.70 (resolved driver for Chrome 118)
2023-10-26 22:04:23,966 INFO i.g.b.w.WebDriverManager [main] Exporting webdriver.chrome.driver as C:\Users\tyavi\.cache\selenium\chromedriver\win64\118.0.5993.70\chromedriver.exe
2023-10-26 22:12:15,246 INFO i.g.b.w.WebDriverManager [main] Using chromedriver 118.0.5993.70 (resolved driver for Chrome 118)
2023-10-26 22:12:15,321 INFO i.g.b.w.WebDriverManager [main] Exporting webdriver.chrome.driver as C:\Users\tyavi\.cache\selenium\chromedriver\win64\118.0.5993.70\chromedriver.exe
2023-10-26 22:16:29,189 INFO i.g.b.w.WebDriverManager [main] Using chromedriver 118.0.5993.70 (resolved driver for Chrome 118)
2023-10-26 22:16:29,247 INFO i.g.b.w.WebDriverManager [main] Exporting webdriver.chrome.driver as C:\Users\tyavi\.cache\selenium\chromedriver\win64\118.0.5993.70\chromedriver.exe
2023-10-26 22:32:25,367 INFO i.g.b.w.WebDriverManager [main] Using chromedriver 118.0.5993.70 (resolved driver for Chrome 118)
2023-10-26 22:32:25,417 INFO i.g.b.w.WebDriverManager [main] Exporting webdriver.chrome.driver as C:\Users\tyavi\.cache\selenium\chromedriver\win64\118.0.5993.70\chromedriver.exe
2023-10-26 23:30:35,373 INFO i.g.b.w.WebDriverManager [main] Using chromedriver 118.0.5993.70 (resolved driver for Chrome 118)
2023-10-26 23:30:35,422 INFO i.g.b.w.WebDriverManager [main] Exporting webdriver.chrome.driver as C:\Users\tyavi\.cache\selenium\chromedriver\win64\118.0.5993.70\chromedriver.exe
2023-10-26 23:32:32,721 INFO i.g.b.w.WebDriverManager [main] Using chromedriver 118.0.5993.70 (resolved driver for Chrome 118)
2023-10-26 23:32:32,774 INFO i.g.b.w.WebDriverManager [main] Exporting webdriver.chrome.driver as C:\Users\tyavi\.cache\selenium\chromedriver\win64\118.0.5993.70\chromedriver.exe
2023-10-26 23:53:13,725 INFO i.g.b.w.WebDriverManager [main] Using chromedriver 118.0.5993.70 (resolved driver for Chrome 118)
2023-10-26 23:53:13,794 INFO i.g.b.w.WebDriverManager [main] Exporting webdriver.chrome.driver as C:\Users\tyavi\.cache\selenium\chromedriver\win64\118.0.5993.70\chromedriver.exe
2023-10-26 23:56:03,268 INFO i.g.b.w.WebDriverManager [main] Using chromedriver 118.0.5993.70 (resolved driver for Chrome 118)
2023-10-26 23:56:03,350 INFO i.g.b.w.WebDriverManager [main] Exporting webdriver.chrome.driver as C:\Users\tyavi\.cache\selenium\chromedriver\win64\118.0.5993.70\chromedriver.exe
2023-10-26 23:57:54,138 INFO i.g.b.w.WebDriverManager [main] Using chromedriver 118.0.5993.70 (resolved driver for Chrome 118)
2023-10-26 23:57:54,196 INFO i.g.b.w.WebDriverManager [main] Exporting webdriver.chrome.driver as C:\Users\tyavi\.cache\selenium\chromedriver\win64\118.0.5993.70\chromedriver.exe
2023-10-27 00:02:47,489 INFO i.g.b.w.WebDriverManager [main] Using chromedriver 118.0.5993.70 (resolved driver for Chrome 118)
2023-10-27 00:02:47,568 INFO i.g.b.w.WebDriverManager [main] Exporting webdriver.chrome.driver as C:\Users\tyavi\.cache\selenium\chromedriver\win64\118.0.5993.70\chromedriver.exe
2023-10-27 00:06:46,936 INFO i.g.b.w.WebDriverManager [main] Using chromedriver 118.0.5993.70 (resolved driver for Chrome 118)
2023-10-27 00:06:47,050 INFO i.g.b.w.WebDriverManager [main] Exporting webdriver.chrome.driver as C:\Users\tyavi\.cache\selenium\chromedriver\win64\118.0.5993.70\chromedriver.exe
2023-10-27 00:10:34,873 INFO i.g.b.w.WebDriverManager [main] Using chromedriver 118.0.5993.70 (resolved driver for Chrome 118)
2023-10-27 00:10:34,927 INFO i.g.b.w.WebDriverManager [main] Exporting webdriver.chrome.driver as C:\Users\tyavi\.cache\selenium\chromedriver\win64\118.0.5993.70\chromedriver.exe
2023-10-27 00:11:02,295 INFO TestWork [main] –í—Ç–æ—Ä–æ–π —Ç–µ—Å—Ç, –ø–µ—Ä–≤–∞—è –ø—Ä–æ–≤–µ—Ä–∫–∞ –ø—Ä–æ–π–¥–µ–Ω–∞
2023-10-27 00:11:02,456 INFO TestWork [main] –í—Ç–æ—Ä–æ–π —Ç–µ—Å—Ç, –≤—Ç–æ—Ä–∞—è –ø—Ä–æ–≤–µ—Ä–∫–∞ –ø—Ä–æ–π–¥–µ–Ω–∞
2023-10-27 00:11:10,440 INFO TestWork [main] –ü–µ—Ä–≤—ã–π —Ç–µ—Å—Ç –ø—Ä–æ–π–¥–µ–Ω
2023-10-27 00:13:02,950 INFO i.g.b.w.WebDriverManager [main] Using chromedriver 118.0.5993.70 (resolved driver for Chrome 118)
2023-10-27 00:13:03,226 INFO i.g.b.w.WebDriverManager [main] Exporting webdriver.chrome.driver as C:\Users\tyavi\.cache\selenium\chromedriver\win64\118.0.5993.70\chromedriver.exe
2023-10-27 00:13:51,171 INFO i.g.b.w.WebDriverManager [main] Using chromedriver 118.0.5993.70 (resolved driver for Chrome 118)
2023-10-27 00:13:51,313 INFO i.g.b.w.WebDriverManager [main] Exporting webdriver.chrome.driver as C:\Users\tyavi\.cache\selenium\chromedriver\win64\118.0.5993.70\chromedriver.exe
2023-10-27 00:19:56,462 INFO i.g.b.w.WebDriverManager [main] Using chromedriver 118.0.5993.70 (resolved driver for Chrome 118)
2023-10-27 00:19:56,548 INFO i.g.b.w.WebDriverManager [main] Exporting webdriver.chrome.driver as C:\Users\tyavi\.cache\selenium\chromedriver\win64\118.0.5993.70\chromedriver.exe
2023-10-27 00:22:21,764 INFO i.g.b.w.WebDriverManager [main] Using chromedriver 118.0.5993.70 (resolved driver for Chrome 118)
2023-10-27 00:22:21,829 INFO i.g.b.w.WebDriverManager [main] Exporting webdriver.chrome.driver as C:\Users\tyavi\.cache\selenium\chromedriver\win64\118.0.5993.70\chromedriver.exe
2023-10-27 00:23:54,760 INFO i.g.b.w.WebDriverManager [main] Using chromedriver 118.0.5993.70 (resolved driver for Chrome 118)
2023-10-27 00:23:54,821 INFO i.g.b.w.WebDriverManager [main] Exporting webdriver.chrome.driver as C:\Users\tyavi\.cache\selenium\chromedriver\win64\118.0.5993.70\chromedriver.exe
2023-10-27 00:30:15,848 INFO i.g.b.w.WebDriverManager [main] Using chromedriver 118.0.5993.70 (resolved driver for Chrome 118)
2023-10-27 00:30:15,910 INFO i.g.b.w.WebDriverManager [main] Exporting webdriver.chrome.driver as C:\Users\tyavi\.cache\selenium\chromedriver\win64\118.0.5993.70\chromedriver.exe
2023-10-27 00:32:18,377 INFO i.g.b.w.WebDriverManager [main] Using chromedriver 118.0.5993.70 (resolved driver for Chrome 118)
2023-10-27 00:32:18,455 INFO i.g.b.w.WebDriverManager [main] Exporting webdriver.chrome.driver as C:\Users\tyavi\.cache\selenium\chromedriver\win64\118.0.5993.70\chromedriver.exe
2023-10-27 00:36:23,387 INFO i.g.b.w.WebDriverManager [main] Using chromedriver 118.0.5993.70 (resolved driver for Chrome 118)
2023-10-27 00:36:23,465 INFO i.g.b.w.WebDriverManager [main] Exporting webdriver.chrome.driver as C:\Users\tyavi\.cache\selenium\chromedriver\win64\118.0.5993.70\chromedriver.exe
2023-10-27 11:57:51,424 INFO i.g.b.w.WebDriverManager [main] Using chromedriver 118.0.5993.70 (resolved driver for Chrome 118)
2023-10-27 11:57:51,486 INFO i.g.b.w.WebDriverManager [main] Exporting webdriver.chrome.driver as C:\Users\tyavi\.cache\selenium\chromedriver\win64\118.0.5993.70\chromedriver.exe
2023-10-27 16:40:26,060 INFO i.g.b.w.WebDriverManager [main] Using chromedriver 118.0.5993.70 (resolved driver for Chrome 118)
2023-10-27 16:40:26,133 INFO i.g.b.w.WebDriverManager [main] Exporting webdriver.chrome.driver as C:\Users\tyavi\.cache\selenium\chromedriver\win64\118.0.5993.70\chromedriver.exe
2023-10-27 16:46:27,533 INFO i.g.b.w.WebDriverManager [main] Using chromedriver 118.0.5993.70 (resolved driver for Chrome 118)
2023-10-27 16:46:27,609 INFO i.g.b.w.WebDriverManager [main] Exporting webdriver.chrome.driver as C:\Users\tyavi\.cache\selenium\chromedriver\win64\118.0.5993.70\chromedriver.exe
2023-10-27 16:50:55,966 INFO i.g.b.w.WebDriverManager [main] Using chromedriver 118.0.5993.70 (resolved driver for Chrome 118)
2023-10-27 16:50:56,040 INFO i.g.b.w.WebDriverManager [main] Exporting webdriver.chrome.driver as C:\Users\tyavi\.cache\selenium\chromedriver\win64\118.0.5993.70\chromedriver.exe
2023-10-27 16:56:41,786 INFO i.g.b.w.WebDriverManager [main] Using chromedriver 118.0.5993.70 (resolved driver for Chrome 118)
2023-10-27 16:56:41,855 INFO i.g.b.w.WebDriverManager [main] Exporting webdriver.chrome.driver as C:\Users\tyavi\.cache\selenium\chromedriver\win64\118.0.5993.70\chromedriver.exe
2023-10-27 16:57:51,045 INFO i.g.b.w.WebDriverManager [main] Using chromedriver 118.0.5993.70 (resolved driver for Chrome 118)
2023-10-27 16:57:51,102 INFO i.g.b.w.WebDriverManager [main] Exporting webdriver.chrome.driver as C:\Users\tyavi\.cache\selenium\chromedriver\win64\118.0.5993.70\chromedriver.exe
2023-10-27 17:03:14,605 INFO i.g.b.w.WebDriverManager [main] Using chromedriver 118.0.5993.70 (resolved driver for Chrome 118)
2023-10-27 17:03:14,686 INFO i.g.b.w.WebDriverManager [main] Exporting webdriver.chrome.driver as C:\Users\tyavi\.cache\selenium\chromedriver\win64\118.0.5993.70\chromedriver.exe
2023-10-27 17:07:13,471 INFO i.g.b.w.WebDriverManager [main] Using chromedriver 118.0.5993.70 (resolved driver for Chrome 118)
2023-10-27 17:07:13,527 INFO i.g.b.w.WebDriverManager [main] Exporting webdriver.chrome.driver as C:\Users\tyavi\.cache\selenium\chromedriver\win64\118.0.5993.70\chromedriver.exe
2023-10-27 17:11:22,536 INFO i.g.b.w.WebDriverManager [main] Using chromedriver 118.0.5993.70 (resolved driver for Chrome 118)
2023-10-27 17:11:22,603 INFO i.g.b.w.WebDriverManager [main] Exporting webdriver.chrome.driver as C:\Users\tyavi\.cache\selenium\chromedriver\win64\118.0.5993.70\chromedriver.exe
2023-10-27 17:15:22,357 INFO i.g.b.w.WebDriverManager [main] Using chromedriver 118.0.5993.70 (resolved driver for Chrome 118)
2023-10-27 17:15:22,424 INFO i.g.b.w.WebDriverManager [main] Exporting webdriver.chrome.driver as C:\Users\tyavi\.cache\selenium\chromedriver\win64\118.0.5993.70\chromedriver.exe
2023-10-27 17:19:01,470 INFO i.g.b.w.WebDriverManager [main] Using chromedriver 118.0.5993.70 (resolved driver for Chrome 118)
2023-10-27 17:19:01,535 INFO i.g.b.w.WebDriverManager [main] Exporting webdriver.chrome.driver as C:\Users\tyavi\.cache\selenium\chromedriver\win64\118.0.5993.70\chromedriver.exe
2023-10-27 17:22:02,096 INFO i.g.b.w.WebDriverManager [main] Using chromedriver 118.0.5993.70 (resolved driver for Chrome 118)
2023-10-27 17:22:02,172 INFO i.g.b.w.WebDriverManager [main] Exporting webdriver.chrome.driver as C:\Users\tyavi\.cache\selenium\chromedriver\win64\118.0.5993.70\chromedriver.exe
2023-10-27 17:36:40,970 INFO i.g.b.w.WebDriverManager [main] Using chromedriver 118.0.5993.70 (resolved driver for Chrome 118)
2023-10-27 17:36:41,048 INFO i.g.b.w.WebDriverManager [main] Exporting webdriver.chrome.driver as C:\Users\tyavi\.cache\selenium\chromedriver\win64\118.0.5993.70\chromedriver.exe
2023-10-27 17:37:08,645 INFO TestWithElements [main] [_ym_uid=1698417422915050822; expires=–°–±, 26 –æ–∫—Ç 2024 05:37:02 MSK; path=/; domain=.otus.ru;secure;; sameSite=None, advcake_track_id=f6382268-57e4-b756-e4f2-d2f04d50f25d; expires=–í—Å, 26 –Ω–æ—è 2023 05:37:03 MSK; path=/; domain=.otus.ru;secure;; sameSite=None, _ym_isad=2; expires=–°–±, 28 –æ–∫—Ç 2023 01:37:02 MSK; path=/; domain=.otus.ru;secure;; sameSite=None, _ga=GA1.1.39036957.1698417423; expires=–°–±, 30 –Ω–æ—è 2024 05:37:02 MSK; path=/; domain=.otus.ru; sameSite=Lax, _ga_N2GWLW9R5Z=GS1.1.1698417422.1.0.1698417422.60.0.0; expires=–°–±, 30 –Ω–æ—è 2024 05:37:02 MSK; path=/; domain=.otus.ru; sameSite=Lax, _ym_d=1698417422; expires=–°–±, 26 –æ–∫—Ç 2024 05:37:02 MSK; path=/; domain=.otus.ru;secure;; sameSite=None, oid=e58526ae1755690a8848c2027bb6b334; expires=–°–±, 30 –Ω–æ—è 2024 05:37:06 MSK; path=/; domain=.otus.ru; sameSite=Lax, _ttp=GxH5pYlQ7OjgGftayQdfT_H7nuS; expires=–°—Ä, 20 –Ω–æ—è 2024 05:37:03 MSK; path=/; domain=.otus.ru; sameSite=Lax, _tt_enable_cookie=1; expires=–°—Ä, 20 –Ω–æ—è 2024 05:37:03 MSK; path=/; domain=.otus.ru; sameSite=Lax, _ym_visorc=w; expires=–ü—Ç, 27 –æ–∫—Ç 2023 06:07:05 MSK; path=/; domain=.otus.ru;secure;; sameSite=None, advcake_session_id=09dd39fe-229f-327e-f0ba-8ac4d7f24f03; expires=–í—Å, 26 –Ω–æ—è 2023 05:37:03 MSK; path=/; domain=.otus.ru;secure;; sameSite=None, utm=utm_source%3Dtypein%26utm_medium%3Ddirect; expires=–°–±, 30 –Ω–æ—è 2024 05:37:06 MSK; path=/; domain=.otus.ru; sameSite=Lax]
2023-10-27 17:37:56,677 INFO i.g.b.w.WebDriverManager [main] Using chromedriver 118.0.5993.70 (resolved driver for Chrome 118)
2023-10-27 17:37:56,798 INFO i.g.b.w.WebDriverManager [main] Exporting webdriver.chrome.driver as C:\Users\tyavi\.cache\selenium\chromedriver\win64\118.0.5993.70\chromedriver.exe
2023-10-27 17:38:21,574 INFO TestWithElements [main] [advcake_track_id=afd6cb6d-b497-9796-96aa-b977b35d0436; expires=–í—Å, 26 –Ω–æ—è 2023 05:38:16 MSK; path=/; domain=.otus.ru;secure;; sameSite=None, _ym_uid=1698417496399776476; expires=–°–±, 26 –æ–∫—Ç 2024 05:38:16 MSK; path=/; domain=.otus.ru;secure;; sameSite=None, _ym_isad=2; expires=–°–±, 28 –æ–∫—Ç 2023 01:38:16 MSK; path=/; domain=.otus.ru;secure;; sameSite=None, _ga=GA1.1.775423647.1698417497; expires=–°–±, 30 –Ω–æ—è 2024 05:38:16 MSK; path=/; domain=.otus.ru; sameSite=Lax, _ga_N2GWLW9R5Z=GS1.1.1698417496.1.0.1698417496.60.0.0; expires=–°–±, 30 –Ω–æ—è 2024 05:38:16 MSK; path=/; domain=.otus.ru; sameSite=Lax, _ym_d=1698417496; expires=–°–±, 26 –æ–∫—Ç 2024 05:38:16 MSK; path=/; domain=.otus.ru;secure;; sameSite=None, oid=5f80b118be41d70d1d38700e1b752526; expires=–°–±, 30 –Ω–æ—è 2024 05:38:20 MSK; path=/; domain=.otus.ru; sameSite=Lax, _ttp=NKgcmC5UsKbI93vZPoMgqR_WsYZ; expires=–°—Ä, 20 –Ω–æ—è 2024 05:38:17 MSK; path=/; domain=.otus.ru; sameSite=Lax, _tt_enable_cookie=1; expires=–°—Ä, 20 –Ω–æ—è 2024 05:38:17 MSK; path=/; domain=.otus.ru; sameSite=Lax, advcake_session_id=0b2aeab4-b0e6-17db-ec34-c169ec02e366; expires=–í—Å, 26 –Ω–æ—è 2023 05:38:16 MSK; path=/; domain=.otus.ru;secure;; sameSite=None, utm=utm_source%3Dtypein%26utm_medium%3Ddirect; expires=–°–±, 30 –Ω–æ—è 2024 05:38:20 MSK; path=/; domain=.otus.ru; sameSite=Lax]
2023-10-27 17:41:37,288 INFO i.g.b.w.WebDriverManager [main] Using chromedriver 118.0.5993.70 (resolved driver for Chrome 118)
2023-10-27 17:41:37,354 INFO i.g.b.w.WebDriverManager [main] Exporting webdriver.chrome.driver as C:\Users\tyavi\.cache\selenium\chromedriver\win64\118.0.5993.70\chromedriver.exe
2023-10-27 17:42:02,838 INFO TestWithElements [main] [_ym_uid=1698417717284222375; expires=–°–±, 26 –æ–∫—Ç 2024 05:41:57 MSK; path=/; domain=.otus.ru;secure;; sameSite=None, advcake_track_id=be53bc88-748c-170d-b50d-71074ad10a87; expires=–í—Å, 26 –Ω–æ—è 2023 05:41:57 MSK; path=/; domain=.otus.ru;secure;; sameSite=None, _ym_isad=2; expires=–°–±, 28 –æ–∫—Ç 2023 01:41:57 MSK; path=/; domain=.otus.ru;secure;; sameSite=None, _ga=GA1.1.313469403.1698417717; expires=–°–±, 30 –Ω–æ—è 2024 05:41:57 MSK; path=/; domain=.otus.ru; sameSite=Lax, _ga_N2GWLW9R5Z=GS1.1.1698417717.1.0.1698417717.60.0.0; expires=–°–±, 30 –Ω–æ—è 2024 05:41:57 MSK; path=/; domain=.otus.ru; sameSite=Lax, _ym_d=1698417717; expires=–°–±, 26 –æ–∫—Ç 2024 05:41:57 MSK; path=/; domain=.otus.ru;secure;; sameSite=None, oid=b677dce00688a67f4799abc27db9dbaf; expires=–°–±, 30 –Ω–æ—è 2024 05:41:59 MSK; path=/; domain=.otus.ru; sameSite=Lax, _ttp=DAjvL6-WmjhALVsSaktcOIiwYGI; expires=–°—Ä, 20 –Ω–æ—è 2024 05:41:58 MSK; path=/; domain=.otus.ru; sameSite=Lax, _tt_enable_cookie=1; expires=–°—Ä, 20 –Ω–æ—è 2024 05:41:57 MSK; path=/; domain=.otus.ru; sameSite=Lax, _ym_visorc=w; expires=–ü—Ç, 27 –æ–∫—Ç 2023 06:11:59 MSK; path=/; domain=.otus.ru;secure;; sameSite=None, advcake_session_id=0c010b21-12f0-6d2b-7ab9-3d94ad6b5315; expires=–í—Å, 26 –Ω–æ—è 2023 05:41:57 MSK; path=/; domain=.otus.ru;secure;; sameSite=None, utm=utm_source%3Dtypein%26utm_medium%3Ddirect; expires=–°–±, 30 –Ω–æ—è 2024 05:41:59 MSK; path=/; domain=.otus.ru; sameSite=Lax]
2023-10-27 18:12:55,172 INFO i.g.b.w.WebDriverManager [main] Using chromedriver 118.0.5993.70 (resolved driver for Chrome 118)
2023-10-27 18:12:55,222 INFO i.g.b.w.WebDriverManager [main] Exporting webdriver.chrome.driver as C:\Users\tyavi\.cache\selenium\chromedriver\win64\118.0.5993.70\chromedriver.exe
2023-10-27 18:13:15,299 INFO TestWithElements [main] [_ym_uid=1698419590118506212; expires=–°–±, 26 –æ–∫—Ç 2024 06:13:10 MSK; path=/; domain=.otus.ru;secure;; sameSite=None, advcake_track_id=fe1e7b5d-ffda-ff79-844b-27507d3a7a0e; expires=–í—Å, 26 –Ω–æ—è 2023 06:13:10 MSK; path=/; domain=.otus.ru;secure;; sameSite=None, _ym_isad=2; expires=–°–±, 28 –æ–∫—Ç 2023 02:13:10 MSK; path=/; domain=.otus.ru;secure;; sameSite=None, _ga=GA1.1.751682488.1698419591; expires=–°–±, 30 –Ω–æ—è 2024 06:13:10 MSK; path=/; domain=.otus.ru; sameSite=Lax, _ga_N2GWLW9R5Z=GS1.1.1698419590.1.0.1698419590.60.0.0; expires=–°–±, 30 –Ω–æ—è 2024 06:13:10 MSK; path=/; domain=.otus.ru; sameSite=Lax, oid=e99c646fa33bdc7f5d8b37902e62ceee; expires=–°–±, 30 –Ω–æ—è 2024 06:13:13 MSK; path=/; domain=.otus.ru; sameSite=Lax, _ym_d=1698419590; expires=–°–±, 26 –æ–∫—Ç 2024 06:13:10 MSK; path=/; domain=.otus.ru;secure;; sameSite=None, _ttp=8yVoGbfKqvMTwOucSVSnTtM55u9; expires=–°—Ä, 20 –Ω–æ—è 2024 06:13:11 MSK; path=/; domain=.otus.ru; sameSite=Lax, _tt_enable_cookie=1; expires=–°—Ä, 20 –Ω–æ—è 2024 06:13:11 MSK; path=/; domain=.otus.ru; sameSite=Lax, _ym_visorc=w; expires=–ü—Ç, 27 –æ–∫—Ç 2023 06:43:13 MSK; path=/; domain=.otus.ru;secure;; sameSite=None, advcake_session_id=664e7e5c-122a-9418-5670-e829d16f1b9c; expires=–í—Å, 26 –Ω–æ—è 2023 06:13:10 MSK; path=/; domain=.otus.ru;secure;; sameSite=None, utm=utm_source%3Dtypein%26utm_medium%3Ddirect; expires=–°–±, 30 –Ω–æ—è 2024 06:13:13 MSK; path=/; domain=.otus.ru; sameSite=Lax]
2023-10-27 18:14:10,740 INFO i.g.b.w.WebDriverManager [main] Using chromedriver 118.0.5993.70 (resolved driver for Chrome 118)
2023-10-27 18:14:10,793 INFO i.g.b.w.WebDriverManager [main] Exporting webdriver.chrome.driver as C:\Users\tyavi\.cache\selenium\chromedriver\win64\118.0.5993.70\chromedriver.exe
2023-10-27 18:14:49,765 INFO TestWithElements [main] [_ym_uid=1698419686379258100; expires=–°–±, 26 –æ–∫—Ç 2024 06:14:46 MSK; path=/; domain=.otus.ru;secure;; sameSite=None, advcake_track_id=9c94d391-cdfc-8fcb-5fb4-d014d47494c5; expires=–í—Å, 26 –Ω–æ—è 2023 06:14:46 MSK; path=/; domain=.otus.ru;secure;; sameSite=None, _ym_isad=2; expires=–°–±, 28 –æ–∫—Ç 2023 02:14:46 MSK; path=/; domain=.otus.ru;secure;; sameSite=None, _ga=GA1.1.2005733714.1698419685; expires=–°–±, 30 –Ω–æ—è 2024 06:14:44 MSK; path=/; domain=.otus.ru; sameSite=Lax, _ga_N2GWLW9R5Z=GS1.1.1698419684.1.0.1698419684.60.0.0; expires=–°–±, 30 –Ω–æ—è 2024 06:14:44 MSK; path=/; domain=.otus.ru; sameSite=Lax, _ym_d=1698419686; expires=–°–±, 26 –æ–∫—Ç 2024 06:14:46 MSK; path=/; domain=.otus.ru;secure;; sameSite=None, oid=02c0580092454914b38a44bf05aa01d5; expires=–°–±, 30 –Ω–æ—è 2024 06:14:47 MSK; path=/; domain=.otus.ru; sameSite=Lax, _tt_enable_cookie=1; expires=–°—Ä, 20 –Ω–æ—è 2024 06:14:45 MSK; path=/; domain=.otus.ru; sameSite=Lax, _ttp=hth1G4yIDaJfN-O6aHLcWNtBLLH; expires=–°—Ä, 20 –Ω–æ—è 2024 06:14:45 MSK; path=/; domain=.otus.ru; sameSite=Lax, _ym_visorc=w; expires=–ü—Ç, 27 –æ–∫—Ç 2023 06:44:47 MSK; path=/; domain=.otus.ru;secure;; sameSite=None, advcake_session_id=b87e220a-e485-20b3-281f-2adc16548d22; expires=–í—Å, 26 –Ω–æ—è 2023 06:14:46 MSK; path=/; domain=.otus.ru;secure;; sameSite=None, utm=utm_source%3Dtypein%26utm_medium%3Ddirect; expires=–°–±, 30 –Ω–æ—è 2024 06:14:47 MSK; path=/; domain=.otus.ru; sameSite=Lax]
2023-10-27 18:19:25,923 INFO i.g.b.w.WebDriverManager [main] Using chromedriver 118.0.5993.70 (resolved driver for Chrome 118)
2023-10-27 18:19:25,968 INFO i.g.b.w.WebDriverManager [main] Exporting webdriver.chrome.driver as C:\Users\tyavi\.cache\selenium\chromedriver\win64\118.0.5993.70\chromedriver.exe
2023-10-27 18:20:20,535 INFO i.g.b.w.WebDriverManager [main] Using chromedriver 118.0.5993.70 (resolved driver for Chrome 118)
2023-10-27 18:20:20,593 INFO i.g.b.w.WebDriverManager [main] Exporting webdriver.chrome.driver as C:\Users\tyavi\.cache\selenium\chromedriver\win64\118.0.5993.70\chromedriver.exe
2023-10-27 18:20:56,841 INFO TestWithElements [main] [_ym_uid=1698420053682491199; expires=–°–±, 26 –æ–∫—Ç 2024 06:20:53 MSK; path=/; domain=.otus.ru;secure;; sameSite=None, advcake_track_id=d95c0215-5767-e709-3b0a-c3dd3eba59df; expires=–í—Å, 26 –Ω–æ—è 2023 06:20:52 MSK; path=/; domain=.otus.ru;secure;; sameSite=None, _ym_isad=2; expires=–°–±, 28 –æ–∫—Ç 2023 02:20:53 MSK; path=/; domain=.otus.ru;secure;; sameSite=None, _ga=GA1.1.1803121007.1698420052; expires=–°–±, 30 –Ω–æ—è 2024 06:20:52 MSK; path=/; domain=.otus.ru; sameSite=Lax, _ga_N2GWLW9R5Z=GS1.1.1698420052.1.0.1698420052.60.0.0; expires=–°–±, 30 –Ω–æ—è 2024 06:20:52 MSK; path=/; domain=.otus.ru; sameSite=Lax, _ym_d=1698420053; expires=–°–±, 26 –æ–∫—Ç 2024 06:20:53 MSK; path=/; domain=.otus.ru;secure;; sameSite=None, oid=cd1b68ae78236d80e3f83f695d34caec; expires=–°–±, 30 –Ω–æ—è 2024 06:20:54 MSK; path=/; domain=.otus.ru; sameSite=Lax, _tt_enable_cookie=1; expires=–°—Ä, 20 –Ω–æ—è 2024 06:20:52 MSK; path=/; domain=.otus.ru; sameSite=Lax, _ttp=QkRrxGu4E5jZ_GrqVdDUWSm5N0w; expires=–°—Ä, 20 –Ω–æ—è 2024 06:20:52 MSK; path=/; domain=.otus.ru; sameSite=Lax, _ym_visorc=w; expires=–ü—Ç, 27 –æ–∫—Ç 2023 06:50:54 MSK; path=/; domain=.otus.ru;secure;; sameSite=None, advcake_session_id=de48b1fe-cc30-9eac-3e91-d1866bc21a98; expires=–í—Å, 26 –Ω–æ—è 2023 06:20:52 MSK; path=/; domain=.otus.ru;secure;; sameSite=None, utm=utm_source%3Dtypein%26utm_medium%3Ddirect; expires=–°–±, 30 –Ω–æ—è 2024 06:20:54 MSK; path=/; domain=.otus.ru; sameSite=Lax]
2023-10-27 18:22:31,685 INFO TestWithElements [main] [_ym_uid=1698420145862585261; expires=–°–±, 26 –æ–∫—Ç 2024 06:22:25 MSK; path=/; domain=.otus.ru;secure;; sameSite=None, advcake_track_id=fab38104-c194-a915-850a-674ec183d72c; expires=–í—Å, 26 –Ω–æ—è 2023 06:22:23 MSK; path=/; domain=.otus.ru;secure;; sameSite=None, _ym_isad=2; expires=–°–±, 28 –æ–∫—Ç 2023 02:22:25 MSK; path=/; domain=.otus.ru;secure;; sameSite=None, _ga=GA1.1.656752484.1698420144; expires=–°–±, 30 –Ω–æ—è 2024 06:22:24 MSK; path=/; domain=.otus.ru; sameSite=Lax, _ga_N2GWLW9R5Z=GS1.1.1698420143.1.0.1698420143.60.0.0; expires=–°–±, 30 –Ω–æ—è 2024 06:22:24 MSK; path=/; domain=.otus.ru; sameSite=Lax, _ym_d=1698420145; expires=–°–±, 26 –æ–∫—Ç 2024 06:22:25 MSK; path=/; domain=.otus.ru;secure;; sameSite=None, oid=d20cd74b0f3c09954f59cf00bc2293a5; expires=–°–±, 30 –Ω–æ—è 2024 06:22:29 MSK; path=/; domain=.otus.ru; sameSite=Lax, _ttp=1jdCt3fz1uY4cctRo2Y1MhI9-Ig; expires=–°—Ä, 20 –Ω–æ—è 2024 06:22:25 MSK; path=/; domain=.otus.ru; sameSite=Lax, _tt_enable_cookie=1; expires=–°—Ä, 20 –Ω–æ—è 2024 06:22:25 MSK; path=/; domain=.otus.ru; sameSite=Lax, _ym_visorc=w; expires=–ü—Ç, 27 –æ–∫—Ç 2023 06:52:27 MSK; path=/; domain=.otus.ru;secure;; sameSite=None, advcake_session_id=3d9a3356-5c84-2ab6-9a85-003ef5da89f7; expires=–í—Å, 26 –Ω–æ—è 2023 06:22:23 MSK; path=/; domain=.otus.ru;secure;; sameSite=None, utm=utm_source%3Dtypein%26utm_medium%3Ddirect; expires=–°–±, 30 –Ω–æ—è 2024 06:22:29 MSK; path=/; domain=.otus.ru; sameSite=Lax]
2023-10-27 18:31:01,001 INFO i.g.b.w.WebDriverManager [main] Using chromedriver 118.0.5993.70 (resolved driver for Chrome 118)
2023-10-27 18:31:01,050 INFO i.g.b.w.WebDriverManager [main] Exporting webdriver.chrome.driver as C:\Users\tyavi\.cache\selenium\chromedriver\win64\118.0.5993.70\chromedriver.exe
2023-10-27 18:31:39,147 INFO TestWithElements [main] [_ym_uid=1698420697872556654; expires=–°–±, 26 –æ–∫—Ç 2024 06:31:36 MSK; path=/; domain=.otus.ru;secure;; sameSite=None, advcake_track_id=0ccb0874-be3b-468d-e017-d09cede27550; expires=–í—Å, 26 –Ω–æ—è 2023 06:31:35 MSK; path=/; domain=.otus.ru;secure;; sameSite=None, _ym_isad=2; expires=–°–±, 28 –æ–∫—Ç 2023 02:31:36 MSK; path=/; domain=.otus.ru;secure;; sameSite=None, _ga=GA1.1.170613851.1698420695; expires=–°–±, 30 –Ω–æ—è 2024 06:31:35 MSK; path=/; domain=.otus.ru; sameSite=Lax, _ga_N2GWLW9R5Z=GS1.1.1698420695.1.0.1698420695.60.0.0; expires=–°–±, 30 –Ω–æ—è 2024 06:31:35 MSK; path=/; domain=.otus.ru; sameSite=Lax, _ym_d=1698420697; expires=–°–±, 26 –æ–∫—Ç 2024 06:31:36 MSK; path=/; domain=.otus.ru;secure;; sameSite=None, oid=ae8f43ea2baea081e5909e5cd21a4d9c; expires=–°–±, 30 –Ω–æ—è 2024 06:31:37 MSK; path=/; domain=.otus.ru; sameSite=Lax, _tt_enable_cookie=1; expires=–°—Ä, 20 –Ω–æ—è 2024 06:31:36 MSK; path=/; domain=.otus.ru; sameSite=Lax, _ttp=WZEPEl_dL-0LMDnOwFCowH7rs8N; expires=–°—Ä, 20 –Ω–æ—è 2024 06:31:36 MSK; path=/; domain=.otus.ru; sameSite=Lax, _ym_visorc=w; expires=–ü—Ç, 27 –æ–∫—Ç 2023 07:01:38 MSK; path=/; domain=.otus.ru;secure;; sameSite=None, advcake_session_id=1db8f150-3832-befc-a0ef-283004d28e9b; expires=–í—Å, 26 –Ω–æ—è 2023 06:31:35 MSK; path=/; domain=.otus.ru;secure;; sameSite=None, utm=utm_source%3Dtypein%26utm_medium%3Ddirect; expires=–°–±, 30 –Ω–æ—è 2024 06:31:37 MSK; path=/; domain=.otus.ru; sameSite=Lax]
2023-10-30 00:46:37,653 INFO i.g.b.w.WebDriverManager [main] Using chromedriver 118.0.5993.70 (resolved driver for Chrome 118)
2023-10-30 00:46:37,699 INFO i.g.b.w.WebDriverManager [main] Exporting webdriver.chrome.driver as C:\Users\tyavi\.cache\selenium\chromedriver\win64\118.0.5993.70\chromedriver.exe
2023-10-30 00:47:29,646 INFO i.g.b.w.WebDriverManager [main] Using chromedriver 118.0.5993.70 (resolved driver for Chrome 118)
2023-10-30 00:47:29,810 INFO i.g.b.w.WebDriverManager [main] Exporting webdriver.chrome.driver as C:\Users\tyavi\.cache\selenium\chromedriver\win64\118.0.5993.70\chromedriver.exe
2023-10-30 00:48:11,817 INFO TestWithElements [main] [_ym_uid=1698616087816884682; expires=–í—Ç, 29 –æ–∫—Ç 2024 12:48:06 MSK; path=/; domain=.otus.ru;secure;; sameSite=None, advcake_track_id=5a6c4381-5ede-0ab7-a7d4-bd899d36ddff; expires=–°—Ä, 29 –Ω–æ—è 2023 12:48:07 MSK; path=/; domain=.otus.ru;secure;; sameSite=None, _ym_isad=2; expires=–ü–Ω, 30 –æ–∫—Ç 2023 08:48:07 MSK; path=/; domain=.otus.ru;secure;; sameSite=None, _ga=GA1.1.1020577223.1698616087; expires=–í—Ç, 03 –¥–µ–∫ 2024 12:48:07 MSK; path=/; domain=.otus.ru; sameSite=Lax, _ga_N2GWLW9R5Z=GS1.1.1698616087.1.0.1698616087.60.0.0; expires=–í—Ç, 03 –¥–µ–∫ 2024 12:48:07 MSK; path=/; domain=.otus.ru; sameSite=Lax, _ym_d=1698616087; expires=–í—Ç, 29 –æ–∫—Ç 2024 12:48:06 MSK; path=/; domain=.otus.ru;secure;; sameSite=None, oid=a40ca8918e447e13e95ec8e1f3ad6e33; expires=–í—Ç, 03 –¥–µ–∫ 2024 12:48:09 MSK; path=/; domain=.otus.ru; sameSite=Lax, _ttp=VlWNy4T1oSbIVky7DcO93LqIEJS; expires=–°–±, 23 –Ω–æ—è 2024 12:48:07 MSK; path=/; domain=.otus.ru; sameSite=Lax, _tt_enable_cookie=1; expires=–°–±, 23 –Ω–æ—è 2024 12:48:07 MSK; path=/; domain=.otus.ru; sameSite=Lax, _ym_visorc=b; expires=–ü–Ω, 30 –æ–∫—Ç 2023 01:18:09 MSK; path=/; domain=.otus.ru;secure;; sameSite=None, advcake_session_id=c0820484-ce4d-07d0-8bb6-00111fd8585f; expires=–°—Ä, 29 –Ω–æ—è 2023 12:48:07 MSK; path=/; domain=.otus.ru;secure;; sameSite=None, utm=utm_source%3Dtypein%26utm_medium%3Ddirect; expires=–í—Ç, 03 –¥–µ–∫ 2024 12:48:09 MSK; path=/; domain=.otus.ru; sameSite=Lax]
2023-10-30 00:52:54,228 INFO i.g.b.w.WebDriverManager [main] Using chromedriver 118.0.5993.70 (resolved driver for Chrome 118)
2023-10-30 00:52:54,294 INFO i.g.b.w.WebDriverManager [main] Exporting webdriver.chrome.driver as C:\Users\tyavi\.cache\selenium\chromedriver\win64\118.0.5993.70\chromedriver.exe
2023-10-30 00:53:34,586 INFO TestWithElements [main] [_ym_uid=1698616410161954512; expires=¬Ú, 29 ÓÍÚ 2024 12:53:29 MSK; path=/; domain=.otus.ru;secure;; sameSite=None, advcake_track_id=691fe919-b386-2a22-bbe1-288fe7c9f9e5; expires=—, 29 ÌÓˇ 2023 12:53:30 MSK; path=/; domain=.otus.ru;secure;; sameSite=None, _ym_isad=2; expires=œÌ, 30 ÓÍÚ 2023 08:53:30 MSK; path=/; domain=.otus.ru;secure;; sameSite=None, _ga=GA1.1.1580358024.1698616410; expires=¬Ú, 03 ‰ÂÍ 2024 12:53:29 MSK; path=/; domain=.otus.ru; sameSite=Lax, _ga_N2GWLW9R5Z=GS1.1.1698616409.1.0.1698616409.60.0.0; expires=¬Ú, 03 ‰ÂÍ 2024 12:53:29 MSK; path=/; domain=.otus.ru; sameSite=Lax, _ym_d=1698616410; expires=¬Ú, 29 ÓÍÚ 2024 12:53:29 MSK; path=/; domain=.otus.ru;secure;; sameSite=None, oid=e64f5b4450b0055307d45602a17b6071; expires=¬Ú, 03 ‰ÂÍ 2024 12:53:32 MSK; path=/; domain=.otus.ru; sameSite=Lax, _ttp=aHjfTN4Lm7nDmhZMVtmaBX7UbFk; expires=—·, 23 ÌÓˇ 2024 12:53:30 MSK; path=/; domain=.otus.ru; sameSite=Lax, _tt_enable_cookie=1; expires=—·, 23 ÌÓˇ 2024 12:53:30 MSK; path=/; domain=.otus.ru; sameSite=Lax, _ym_visorc=w; expires=œÌ, 30 ÓÍÚ 2023 01:23:32 MSK; path=/; domain=.otus.ru;secure;; sameSite=None, advcake_session_id=05fd3641-8904-9b1b-106d-0b53f3c7c0a1; expires=—, 29 ÌÓˇ 2023 12:53:30 MSK; path=/; domain=.otus.ru;secure;; sameSite=None, utm=utm_source%3Dtypein%26utm_medium%3Ddirect; expires=¬Ú, 03 ‰ÂÍ 2024 12:53:32 MSK; path=/; domain=.otus.ru; sameSite=Lax]
2023-10-30 01:02:28,983 INFO i.g.b.w.WebDriverManager [main] Using chromedriver 118.0.5993.70 (resolved driver for Chrome 118)
2023-10-30 01:02:29,025 INFO i.g.b.w.WebDriverManager [main] Exporting webdriver.chrome.driver as C:\Users\tyavi\.cache\selenium\chromedriver\win64\118.0.5993.70\chromedriver.exe
2023-10-30 01:07:38,995 INFO i.g.b.w.WebDriverManager [main] Using chromedriver 118.0.5993.70 (resolved driver for Chrome 118)
2023-10-30 01:07:39,088 INFO i.g.b.w.WebDriverManager [main] Exporting webdriver.chrome.driver as C:\Users\tyavi\.cache\selenium\chromedriver\win64\118.0.5993.70\chromedriver.exe
2023-10-30 01:08:27,001 INFO TestWithElements [main] [_ym_uid=1698617298484848492; expires=¬Ú, 29 ÓÍÚ 2024 01:08:17 MSK; path=/; domain=.otus.ru;secure;; sameSite=None, advcake_track_id=7e0ba216-d2b9-b893-0976-f46e3b6783f6; expires=—, 29 ÌÓˇ 2023 01:08:18 MSK; path=/; domain=.otus.ru;secure;; sameSite=None, _ym_isad=2; expires=œÌ, 30 ÓÍÚ 2023 09:08:18 MSK; path=/; domain=.otus.ru;secure;; sameSite=None, _ga=GA1.1.1828236974.1698617298; expires=¬Ú, 03 ‰ÂÍ 2024 01:08:18 MSK; path=/; domain=.otus.ru; sameSite=Lax, _ga_N2GWLW9R5Z=GS1.1.1698617298.1.0.1698617298.60.0.0; expires=¬Ú, 03 ‰ÂÍ 2024 01:08:18 MSK; path=/; domain=.otus.ru; sameSite=Lax, _ym_d=1698617298; expires=¬Ú, 29 ÓÍÚ 2024 01:08:17 MSK; path=/; domain=.otus.ru;secure;; sameSite=None, oid=1209f1c48a874ce3fa8a829dc5418e64; expires=¬Ú, 03 ‰ÂÍ 2024 01:08:23 MSK; path=/; domain=.otus.ru; sameSite=Lax, _ttp=33pZreNI6tuPE-b9kTlqDAjn44G; expires=—·, 23 ÌÓˇ 2024 01:08:18 MSK; path=/; domain=.otus.ru; sameSite=Lax, _tt_enable_cookie=1; expires=—·, 23 ÌÓˇ 2024 01:08:18 MSK; path=/; domain=.otus.ru; sameSite=Lax, _ym_visorc=w; expires=œÌ, 30 ÓÍÚ 2023 01:38:20 MSK; path=/; domain=.otus.ru;secure;; sameSite=None, advcake_session_id=1140765a-307f-1ae4-bd7d-cdcb32d992cd; expires=—, 29 ÌÓˇ 2023 01:08:18 MSK; path=/; domain=.otus.ru;secure;; sameSite=None, utm=utm_source%3Dtypein%26utm_medium%3Ddirect; expires=¬Ú, 03 ‰ÂÍ 2024 01:08:23 MSK; path=/; domain=.otus.ru; sameSite=Lax]
2023-10-30 01:11:26,938 INFO i.g.b.w.WebDriverManager [main] Using chromedriver 118.0.5993.70 (resolved driver for Chrome 118)
2023-10-30 01:11:26,980 INFO i.g.b.w.WebDriverManager [main] Exporting webdriver.chrome.driver as C:\Users\tyavi\.cache\selenium\chromedriver\win64\118.0.5993.70\chromedriver.exe
2023-10-30 01:18:18,824 INFO i.g.b.w.WebDriverManager [main] Using chromedriver 118.0.5993.70 (resolved driver for Chrome 118)
2023-10-30 01:18:18,883 INFO i.g.b.w.WebDriverManager [main] Exporting webdriver.chrome.driver as C:\Users\tyavi\.cache\selenium\chromedriver\win64\118.0.5993.70\chromedriver.exe
2023-10-30 01:18:49,891 INFO TestWithElements [main] [_ym_uid=16986179251408958; expires=–í—Ç, 29 –æ–∫—Ç 2024 01:18:45 MSK; path=/; domain=.otus.ru;secure;; sameSite=None, advcake_track_id=9bea95fe-848d-ba2c-6d5e-0cf1e553729f; expires=–°—Ä, 29 –Ω–æ—è 2023 01:18:44 MSK; path=/; domain=.otus.ru;secure;; sameSite=None, _ym_isad=2; expires=–ü–Ω, 30 –æ–∫—Ç 2023 09:18:45 MSK; path=/; domain=.otus.ru;secure;; sameSite=None, _ga=GA1.1.1731584081.1698617924; expires=–í—Ç, 03 –¥–µ–∫ 2024 01:18:44 MSK; path=/; domain=.otus.ru; sameSite=Lax, _ym_d=1698617925; expires=–í—Ç, 29 –æ–∫—Ç 2024 01:18:45 MSK; path=/; domain=.otus.ru;secure;; sameSite=None, oid=c6785ab9f61ea20660f005bcd307d1f1; expires=–í—Ç, 03 –¥–µ–∫ 2024 01:18:47 MSK; path=/; domain=.otus.ru; sameSite=Lax, _ga_N2GWLW9R5Z=GS1.1.1698617924.1.0.1698617924.60.0.0; expires=–í—Ç, 03 –¥–µ–∫ 2024 01:18:44 MSK; path=/; domain=.otus.ru; sameSite=Lax, _tt_enable_cookie=1; expires=–°–±, 23 –Ω–æ—è 2024 01:18:44 MSK; path=/; domain=.otus.ru; sameSite=Lax, _ttp=UkoYTkYBPl3Qc8fKqoXG_t8QWEC; expires=–°–±, 23 –Ω–æ—è 2024 01:18:44 MSK; path=/; domain=.otus.ru; sameSite=Lax, _ym_visorc=w; expires=–ü–Ω, 30 –æ–∫—Ç 2023 01:48:46 MSK; path=/; domain=.otus.ru;secure;; sameSite=None, advcake_session_id=dfbf7fa0-0694-2fe7-e3e0-007e47731707; expires=–°—Ä, 29 –Ω–æ—è 2023 01:18:44 MSK; path=/; domain=.otus.ru;secure;; sameSite=None, utm=utm_source%3Dtypein%26utm_medium%3Ddirect; expires=–í—Ç, 03 –¥–µ–∫ 2024 01:18:47 MSK; path=/; domain=.otus.ru; sameSite=Lax]
2023-10-30 01:19:50,102 INFO i.g.b.w.WebDriverManager [main] Using chromedriver 118.0.5993.70 (resolved driver for Chrome 118)
2023-10-30 01:19:50,166 INFO i.g.b.w.WebDriverManager [main] Exporting webdriver.chrome.driver as C:\Users\tyavi\.cache\selenium\chromedriver\win64\118.0.5993.70\chromedriver.exe
2023-10-30 01:20:30,780 INFO TestWithElements [main] [_ym_uid=1698618027791257509; expires=–í—Ç, 29 –æ–∫—Ç 2024 01:20:26 MSK; path=/; domain=.otus.ru;secure;; sameSite=None, advcake_track_id=6e6a8b9f-5f7a-c146-a7ef-ec389e6c1b95; expires=–°—Ä, 29 –Ω–æ—è 2023 01:20:25 MSK; path=/; domain=.otus.ru;secure;; sameSite=None, _ym_isad=2; expires=–ü–Ω, 30 –æ–∫—Ç 2023 09:20:26 MSK; path=/; domain=.otus.ru;secure;; sameSite=None, _ga=GA1.1.1186132563.1698618026; expires=–í—Ç, 03 –¥–µ–∫ 2024 01:20:25 MSK; path=/; domain=.otus.ru; sameSite=Lax, _ga_N2GWLW9R5Z=GS1.1.1698618025.1.0.1698618025.60.0.0; expires=–í—Ç, 03 –¥–µ–∫ 2024 01:20:25 MSK; path=/; domain=.otus.ru; sameSite=Lax, _ym_d=1698618027; expires=–í—Ç, 29 –æ–∫—Ç 2024 01:20:26 MSK; path=/; domain=.otus.ru;secure;; sameSite=None, oid=06bdc1c875cbb198d47256079be3375d; expires=–í—Ç, 03 –¥–µ–∫ 2024 01:20:29 MSK; path=/; domain=.otus.ru; sameSite=Lax, _tt_enable_cookie=1; expires=–°–±, 23 –Ω–æ—è 2024 01:20:25 MSK; path=/; domain=.otus.ru; sameSite=Lax, _ttp=ziuhd5rGEM5XbZPTYqe-9m125Bc; expires=–°–±, 23 –Ω–æ—è 2024 01:20:25 MSK; path=/; domain=.otus.ru; sameSite=Lax, _ym_visorc=b; expires=–ü–Ω, 30 –æ–∫—Ç 2023 01:50:28 MSK; path=/; domain=.otus.ru;secure;; sameSite=None, advcake_session_id=0f70106b-153f-2a09-030e-898da923eef6; expires=–°—Ä, 29 –Ω–æ—è 2023 01:20:25 MSK; path=/; domain=.otus.ru;secure;; sameSite=None, utm=utm_source%3Dtypein%26utm_medium%3Ddirect; expires=–í—Ç, 03 –¥–µ–∫ 2024 01:20:29 MSK; path=/; domain=.otus.ru; sameSite=Lax]
2023-10-30 01:21:07,406 INFO i.g.b.w.WebDriverManager [main] Using chromedriver 118.0.5993.70 (resolved driver for Chrome 118)
2023-10-30 01:21:07,450 INFO i.g.b.w.WebDriverManager [main] Exporting webdriver.chrome.driver as C:\Users\tyavi\.cache\selenium\chromedriver\win64\118.0.5993.70\chromedriver.exe
2023-10-30 01:22:59,244 INFO i.g.b.w.WebDriverManager [main] Using chromedriver 118.0.5993.70 (resolved driver for Chrome 118)
2023-10-30 01:22:59,308 INFO i.g.b.w.WebDriverManager [main] Exporting webdriver.chrome.driver as C:\Users\tyavi\.cache\selenium\chromedriver\win64\118.0.5993.70\chromedriver.exe
2023-10-30 01:23:19,458 INFO TestWithElements [main] [_ym_uid=1698618195965500593; expires=–í—Ç, 29 –æ–∫—Ç 2024 01:23:15 MSK; path=/; domain=.otus.ru;secure;; sameSite=None, advcake_track_id=08dbdb35-789e-f1b8-9f59-187516ea6103; expires=–°—Ä, 29 –Ω–æ—è 2023 01:23:15 MSK; path=/; domain=.otus.ru;secure;; sameSite=None, _ym_isad=2; expires=–ü–Ω, 30 –æ–∫—Ç 2023 09:23:15 MSK; path=/; domain=.otus.ru;secure;; sameSite=None, _ga=GA1.1.141950160.1698618196; expires=–í—Ç, 03 –¥–µ–∫ 2024 01:23:15 MSK; path=/; domain=.otus.ru; sameSite=Lax, _ga_N2GWLW9R5Z=GS1.1.1698618195.1.0.1698618195.60.0.0; expires=–í—Ç, 03 –¥–µ–∫ 2024 01:23:15 MSK; path=/; domain=.otus.ru; sameSite=Lax, _ym_d=1698618195; expires=–í—Ç, 29 –æ–∫—Ç 2024 01:23:15 MSK; path=/; domain=.otus.ru;secure;; sameSite=None, oid=e2a7bab75e19147fb7be03dde036cf14; expires=–í—Ç, 03 –¥–µ–∫ 2024 01:23:17 MSK; path=/; domain=.otus.ru; sameSite=Lax, _ttp=7fMErTZkcEYwMMrIanC4cViAQQZ; expires=–°–±, 23 –Ω–æ—è 2024 01:23:16 MSK; path=/; domain=.otus.ru; sameSite=Lax, _tt_enable_cookie=1; expires=–°–±, 23 –Ω–æ—è 2024 01:23:16 MSK; path=/; domain=.otus.ru; sameSite=Lax, _ym_visorc=b; expires=–ü–Ω, 30 –æ–∫—Ç 2023 01:53:17 MSK; path=/; domain=.otus.ru;secure;; sameSite=None, advcake_session_id=43c16e99-5558-e77d-3b95-947082010147; expires=–°—Ä, 29 –Ω–æ—è 2023 01:23:15 MSK; path=/; domain=.otus.ru;secure;; sameSite=None, utm=utm_source%3Dtypein%26utm_medium%3Ddirect; expires=–í—Ç, 03 –¥–µ–∫ 2024 01:23:17 MSK; path=/; domain=.otus.ru; sameSite=Lax]
2023-10-30 01:24:16,663 INFO i.g.b.w.WebDriverManager [main] Using chromedriver 118.0.5993.70 (resolved driver for Chrome 118)
2023-10-30 01:24:16,726 INFO i.g.b.w.WebDriverManager [main] Exporting webdriver.chrome.driver as C:\Users\tyavi\.cache\selenium\chromedriver\win64\118.0.5993.70\chromedriver.exe
2023-10-30 01:27:32,385 INFO i.g.b.w.WebDriverManager [main] Using chromedriver 118.0.5993.70 (resolved driver for Chrome 118)
2023-10-30 01:27:32,434 INFO i.g.b.w.WebDriverManager [main] Exporting webdriver.chrome.driver as C:\Users\tyavi\.cache\selenium\chromedriver\win64\118.0.5993.70\chromedriver.exe
2023-10-30 01:29:22,915 INFO i.g.b.w.WebDriverManager [main] Using chromedriver 118.0.5993.70 (resolved driver for Chrome 118)
2023-10-30 01:29:22,987 INFO i.g.b.w.WebDriverManager [main] Exporting webdriver.chrome.driver as C:\Users\tyavi\.cache\selenium\chromedriver\win64\118.0.5993.70\chromedriver.exe
2023-10-30 01:29:43,044 INFO TestWithElements [main] [_ym_uid=169861857730644172; expires=–í—Ç, 29 –æ–∫—Ç 2024 01:29:37 MSK; path=/; domain=.otus.ru;secure;; sameSite=None, advcake_track_id=88ede068-600f-1f5c-efc9-3b944959766f; expires=–°—Ä, 29 –Ω–æ—è 2023 01:29:37 MSK; path=/; domain=.otus.ru;secure;; sameSite=None, _ym_isad=2; expires=–ü–Ω, 30 –æ–∫—Ç 2023 09:29:37 MSK; path=/; domain=.otus.ru;secure;; sameSite=None, _ga=GA1.1.22229769.1698618577; expires=–í—Ç, 03 –¥–µ–∫ 2024 01:29:37 MSK; path=/; domain=.otus.ru; sameSite=Lax, _ga_N2GWLW9R5Z=GS1.1.1698618577.1.0.1698618582.55.0.0; expires=–í—Ç, 03 –¥–µ–∫ 2024 01:29:42 MSK; path=/; domain=.otus.ru; sameSite=Lax, oid=26ef3cf105ec7be9bea879f44d450a87; expires=–í—Ç, 03 –¥–µ–∫ 2024 01:29:39 MSK; path=/; domain=.otus.ru; sameSite=Lax, _ym_d=1698618577; expires=–í—Ç, 29 –æ–∫—Ç 2024 01:29:37 MSK; path=/; domain=.otus.ru;secure;; sameSite=None, _ttp=bVh0JSKNan8noT-Y_rQ8y_APm2_; expires=–°–±, 23 –Ω–æ—è 2024 01:29:37 MSK; path=/; domain=.otus.ru; sameSite=Lax, _tt_enable_cookie=1; expires=–°–±, 23 –Ω–æ—è 2024 01:29:37 MSK; path=/; domain=.otus.ru; sameSite=Lax, _ym_visorc=b; expires=–ü–Ω, 30 –æ–∫—Ç 2023 01:59:39 MSK; path=/; domain=.otus.ru;secure;; sameSite=None, advcake_session_id=697bf73e-1f8b-a696-2ba7-a9802ec8994d; expires=–°—Ä, 29 –Ω–æ—è 2023 01:29:37 MSK; path=/; domain=.otus.ru;secure;; sameSite=None, utm=utm_source%3Dtypein%26utm_medium%3Ddirect; expires=–í—Ç, 03 –¥–µ–∫ 2024 01:29:39 MSK; path=/; domain=.otus.ru; sameSite=Lax]
2023-10-30 01:31:06,065 INFO i.g.b.w.WebDriverManager [main] Using chromedriver 118.0.5993.70 (resolved driver for Chrome 118)
2023-10-30 01:31:06,130 INFO i.g.b.w.WebDriverManager [main] Exporting webdriver.chrome.driver as C:\Users\tyavi\.cache\selenium\chromedriver\win64\118.0.5993.70\chromedriver.exe
2023-10-30 01:31:43,930 INFO i.g.b.w.WebDriverManager [main] Using chromedriver 118.0.5993.70 (resolved driver for Chrome 118)
2023-10-30 01:31:43,968 INFO i.g.b.w.WebDriverManager [main] Exporting webdriver.chrome.driver as C:\Users\tyavi\.cache\selenium\chromedriver\win64\118.0.5993.70\chromedriver.exe
2023-10-30 01:32:36,746 INFO i.g.b.w.WebDriverManager [main] Using chromedriver 118.0.5993.70 (resolved driver for Chrome 118)
2023-10-30 01:32:36,782 INFO i.g.b.w.WebDriverManager [main] Exporting webdriver.chrome.driver as C:\Users\tyavi\.cache\selenium\chromedriver\win64\118.0.5993.70\chromedriver.exe
2023-10-30 01:33:10,458 INFO i.g.b.w.WebDriverManager [main] Using chromedriver 118.0.5993.70 (resolved driver for Chrome 118)
2023-10-30 01:33:10,492 INFO i.g.b.w.WebDriverManager [main] Exporting webdriver.chrome.driver as C:\Users\tyavi\.cache\selenium\chromedriver\win64\118.0.5993.70\chromedriver.exe
2023-10-30 01:33:42,035 INFO TestWithElements [main] [_ym_uid=1698618819229847931; expires=–í—Ç, 29 –æ–∫—Ç 2024 01:33:38 MSK; path=/; domain=.otus.ru;secure;; sameSite=None, advcake_track_id=e90afa85-41b0-b09b-9945-c09f35780319; expires=–°—Ä, 29 –Ω–æ—è 2023 01:33:37 MSK; path=/; domain=.otus.ru;secure;; sameSite=None, _ym_isad=2; expires=–ü–Ω, 30 –æ–∫—Ç 2023 09:33:38 MSK; path=/; domain=.otus.ru;secure;; sameSite=None, _ga=GA1.1.27374888.1698618818; expires=–í—Ç, 03 –¥–µ–∫ 2024 01:33:37 MSK; path=/; domain=.otus.ru; sameSite=Lax, _ga_N2GWLW9R5Z=GS1.1.1698618817.1.0.1698618821.56.0.0; expires=–í—Ç, 03 –¥–µ–∫ 2024 01:33:41 MSK; path=/; domain=.otus.ru; sameSite=Lax, _ym_d=1698618819; expires=–í—Ç, 29 –æ–∫—Ç 2024 01:33:38 MSK; path=/; domain=.otus.ru;secure;; sameSite=None, oid=2c28c6fe5500bf2a87c1e748cf1c9d04; expires=–í—Ç, 03 –¥–µ–∫ 2024 01:33:39 MSK; path=/; domain=.otus.ru; sameSite=Lax, _tt_enable_cookie=1; expires=–°–±, 23 –Ω–æ—è 2024 01:33:38 MSK; path=/; domain=.otus.ru; sameSite=Lax, _ttp=H5CY4iiwIoeFcbnUkU5FpaJ-iP-; expires=–°–±, 23 –Ω–æ—è 2024 01:33:38 MSK; path=/; domain=.otus.ru; sameSite=Lax, _ym_visorc=b; expires=–ü–Ω, 30 –æ–∫—Ç 2023 02:03:40 MSK; path=/; domain=.otus.ru;secure;; sameSite=None, advcake_session_id=e41d91bf-cc90-ad50-cf43-499d7d1451e6; expires=–°—Ä, 29 –Ω–æ—è 2023 01:33:37 MSK; path=/; domain=.otus.ru;secure;; sameSite=None, utm=utm_source%3Dtypein%26utm_medium%3Ddirect; expires=–í—Ç, 03 –¥–µ–∫ 2024 01:33:39 MSK; path=/; domain=.otus.ru; sameSite=Lax]
2023-10-30 01:37:25,307 INFO i.g.b.w.WebDriverManager [main] Using chromedriver 118.0.5993.70 (resolved driver for Chrome 118)
2023-10-30 01:37:25,360 INFO i.g.b.w.WebDriverManager [main] Exporting webdriver.chrome.driver as C:\Users\tyavi\.cache\selenium\chromedriver\win64\118.0.5993.70\chromedriver.exe
2023-10-30 01:37:44,027 INFO TestWithElements [main] [_ym_uid=1698619057276362647; expires=–í—Ç, 29 –æ–∫—Ç 2024 01:37:37 MSK; path=/; domain=.otus.ru;secure;; sameSite=None, advcake_track_id=fc209280-e6dc-5d74-03cb-a3c893654886; expires=–°—Ä, 29 –Ω–æ—è 2023 01:37:38 MSK; path=/; domain=.otus.ru;secure;; sameSite=None, _ym_isad=2; expires=–ü–Ω, 30 –æ–∫—Ç 2023 09:37:38 MSK; path=/; domain=.otus.ru;secure;; sameSite=None, _ga=GA1.1.2038521423.1698619058; expires=–í—Ç, 03 –¥–µ–∫ 2024 01:37:37 MSK; path=/; domain=.otus.ru; sameSite=Lax, _ga_N2GWLW9R5Z=GS1.1.1698619057.1.0.1698619057.60.0.0; expires=–í—Ç, 03 –¥–µ–∫ 2024 01:37:37 MSK; path=/; domain=.otus.ru; sameSite=Lax, _ym_d=1698619057; expires=–í—Ç, 29 –æ–∫—Ç 2024 01:37:37 MSK; path=/; domain=.otus.ru;secure;; sameSite=None, oid=8c30755455bc57592801b79c1174d884; expires=–í—Ç, 03 –¥–µ–∫ 2024 01:37:42 MSK; path=/; domain=.otus.ru; sameSite=Lax, _ttp=MPV3OVRyB0Gt5SioBWNp-8QwsVd; expires=–°–±, 23 –Ω–æ—è 2024 01:37:38 MSK; path=/; domain=.otus.ru; sameSite=Lax, _tt_enable_cookie=1; expires=–°–±, 23 –Ω–æ—è 2024 01:37:38 MSK; path=/; domain=.otus.ru; sameSite=Lax, _ym_visorc=b; expires=–ü–Ω, 30 –æ–∫—Ç 2023 02:07:39 MSK; path=/; domain=.otus.ru;secure;; sameSite=None, advcake_session_id=09db77c8-1bcd-a7b2-624c-0dee3f2844e1; expires=–°—Ä, 29 –Ω–æ—è 2023 01:37:38 MSK; path=/; domain=.otus.ru;secure;; sameSite=None, utm=utm_source%3Dtypein%26utm_medium%3Ddirect; expires=–í—Ç, 03 –¥–µ–∫ 2024 01:37:42 MSK; path=/; domain=.otus.ru; sameSite=Lax]
2023-10-30 01:56:00,128 INFO i.g.b.w.WebDriverManager [main] Using chromedriver 118.0.5993.70 (resolved driver for Chrome 118)
2023-10-30 01:56:00,214 INFO i.g.b.w.WebDriverManager [main] Exporting webdriver.chrome.driver as C:\Users\tyavi\.cache\selenium\chromedriver\win64\118.0.5993.70\chromedriver.exe
2023-10-30 01:56:44,540 INFO TestWithElements [main] [_ym_uid=1698620199580753159; expires=–í—Ç, 29 –æ–∫—Ç 2024 01:56:39 MSK; path=/; domain=.otus.ru;secure;; sameSite=None, advcake_track_id=e4a6be1b-bdf0-41b0-b14d-5fdd7a6c0e47; expires=–°—Ä, 29 –Ω–æ—è 2023 01:56:39 MSK; path=/; domain=.otus.ru;secure;; sameSite=None, _ym_isad=2; expires=–ü–Ω, 30 –æ–∫—Ç 2023 09:56:39 MSK; path=/; domain=.otus.ru;secure;; sameSite=None, _ga=GA1.1.448157862.1698620199; expires=–í—Ç, 03 –¥–µ–∫ 2024 01:56:38 MSK; path=/; domain=.otus.ru; sameSite=Lax, _ga_N2GWLW9R5Z=GS1.1.1698620198.1.0.1698620198.60.0.0; expires=–í—Ç, 03 –¥–µ–∫ 2024 01:56:38 MSK; path=/; domain=.otus.ru; sameSite=Lax, _ym_d=1698620199; expires=–í—Ç, 29 –æ–∫—Ç 2024 01:56:39 MSK; path=/; domain=.otus.ru;secure;; sameSite=None, oid=50c82995b26f8bd4d065a49dcf7a5f9e; expires=–í—Ç, 03 –¥–µ–∫ 2024 01:56:42 MSK; path=/; domain=.otus.ru; sameSite=Lax, _ttp=td1A4NhwMj-Vc6-RiCx-v54bTvE; expires=–°–±, 23 –Ω–æ—è 2024 01:56:39 MSK; path=/; domain=.otus.ru; sameSite=Lax, _tt_enable_cookie=1; expires=–°–±, 23 –Ω–æ—è 2024 01:56:39 MSK; path=/; domain=.otus.ru; sameSite=Lax, _ym_visorc=w; expires=–ü–Ω, 30 –æ–∫—Ç 2023 02:26:41 MSK; path=/; domain=.otus.ru;secure;; sameSite=None, advcake_session_id=251c3f7f-9b0d-e6ea-2f53-7b0953d871eb; expires=–°—Ä, 29 –Ω–æ—è 2023 01:56:39 MSK; path=/; domain=.otus.ru;secure;; sameSite=None, utm=utm_source%3Dtypein%26utm_medium%3Ddirect; expires=–í—Ç, 03 –¥–µ–∫ 2024 01:56:42 MSK; path=/; domain=.otus.ru; sameSite=Lax]
2023-10-30 10:43:41,105 INFO i.g.b.w.WebDriverManager [main] Using chromedriver 118.0.5993.70 (resolved driver for Chrome 118)
2023-10-30 10:43:41,175 INFO i.g.b.w.WebDriverManager [main] Exporting webdriver.chrome.driver as C:\Users\tyavi\.cache\selenium\chromedriver\win64\118.0.5993.70\chromedriver.exe
2023-10-31 15:00:53,127 INFO i.g.b.w.WebDriverManager [main] Using chromedriver 118.0.5993.70 (resolved driver for Chrome 118)
2023-10-31 15:00:53,183 INFO i.g.b.w.WebDriverManager [main] Exporting webdriver.chrome.driver as C:\Users\tyavi\.cache\selenium\chromedriver\win64\118.0.5993.70\chromedriver.exe
2023-10-31 15:08:16,172 INFO i.g.b.w.WebDriverManager [main] Using chromedriver 118.0.5993.70 (resolved driver for Chrome 118)
2023-10-31 15:08:16,537 INFO i.g.b.w.WebDriverManager [main] Exporting webdriver.chrome.driver as C:\Users\tyavi\.cache\selenium\chromedriver\win64\118.0.5993.70\chromedriver.exe
2023-10-31 15:09:45,203 INFO TestWithElements [main] [_ym_uid=1698754166772126074; expires=—, 30 ÓÍÚ 2024 03:09:26 MSK; path=/; domain=.otus.ru;secure;; sameSite=None, advcake_track_id=694e02e6-081d-29c0-fcf5-a63ee4281ea7; expires=◊Ú, 30 ÌÓˇ 2023 03:09:26 MSK; path=/; domain=.otus.ru;secure;; sameSite=None, _ym_isad=2; expires=—, 01 ÌÓˇ 2023 11:09:27 MSK; path=/; domain=.otus.ru;secure;; sameSite=None, _ga=GA1.1.1011743270.1698754167; expires=—, 04 ‰ÂÍ 2024 03:09:27 MSK; path=/; domain=.otus.ru; sameSite=Lax, _ga_N2GWLW9R5Z=GS1.1.1698754166.1.0.1698754166.60.0.0; expires=—, 04 ‰ÂÍ 2024 03:09:27 MSK; path=/; domain=.otus.ru; sameSite=Lax, _ym_d=1698754166; expires=—, 30 ÓÍÚ 2024 03:09:26 MSK; path=/; domain=.otus.ru;secure;; sameSite=None, oid=517d35b85320488ab73700f9188110a3; expires=—, 04 ‰ÂÍ 2024 03:09:31 MSK; path=/; domain=.otus.ru; sameSite=Lax, _ttp=9x2Ni1m-He2jZBdCP2uHPTUNIFH; expires=¬Ò, 24 ÌÓˇ 2024 03:09:27 MSK; path=/; domain=.otus.ru; sameSite=Lax, _tt_enable_cookie=1; expires=¬Ò, 24 ÌÓˇ 2024 03:09:27 MSK; path=/; domain=.otus.ru; sameSite=Lax, _ym_visorc=w; expires=¬Ú, 31 ÓÍÚ 2023 03:39:29 MSK; path=/; domain=.otus.ru;secure;; sameSite=None, advcake_session_id=ddab6503-e272-1d6d-f777-480de938ce5b; expires=◊Ú, 30 ÌÓˇ 2023 03:09:26 MSK; path=/; domain=.otus.ru;secure;; sameSite=None, utm=utm_source%3Dtypein%26utm_medium%3Ddirect; expires=—, 04 ‰ÂÍ 2024 03:09:31 MSK; path=/; domain=.otus.ru; sameSite=Lax]
2023-10-31 15:12:41,787 INFO i.g.b.w.WebDriverManager [main] Using chromedriver 118.0.5993.70 (resolved driver for Chrome 118)
2023-10-31 15:12:41,855 INFO i.g.b.w.WebDriverManager [main] Exporting webdriver.chrome.driver as C:\Users\tyavi\.cache\selenium\chromedriver\win64\118.0.5993.70\chromedriver.exe
2023-10-31 15:17:13,620 INFO i.g.b.w.WebDriverManager [main] Using chromedriver 118.0.5993.70 (resolved driver for Chrome 118)
2023-10-31 15:17:13,676 INFO i.g.b.w.WebDriverManager [main] Exporting webdriver.chrome.driver as C:\Users\tyavi\.cache\selenium\chromedriver\win64\118.0.5993.70\chromedriver.exe
2023-10-31 15:17:44,926 INFO TestWithElements [main] [_ym_uid=1698754655735384460; expires=—, 30 ÓÍÚ 2024 03:17:34 MSK; path=/; domain=.otus.ru;secure;; sameSite=None, advcake_track_id=f47e6d96-eff2-160f-0f63-62b8f2819993; expires=◊Ú, 30 ÌÓˇ 2023 03:17:35 MSK; path=/; domain=.otus.ru;secure;; sameSite=None, _ym_isad=2; expires=—, 01 ÌÓˇ 2023 11:17:36 MSK; path=/; domain=.otus.ru;secure;; sameSite=None, _ga=GA1.1.343394533.1698754656; expires=—, 04 ‰ÂÍ 2024 03:17:36 MSK; path=/; domain=.otus.ru; sameSite=Lax, _ga_N2GWLW9R5Z=GS1.1.1698754655.1.0.1698754655.60.0.0; expires=—, 04 ‰ÂÍ 2024 03:17:36 MSK; path=/; domain=.otus.ru; sameSite=Lax, _ym_d=1698754655; expires=—, 30 ÓÍÚ 2024 03:17:34 MSK; path=/; domain=.otus.ru;secure;; sameSite=None, oid=b14458147ff80478685ad6f2e3e2ef1b; expires=—, 04 ‰ÂÍ 2024 03:17:41 MSK; path=/; domain=.otus.ru; sameSite=Lax, _ttp=txcokxv44L9bB2eOb-TL1qDlc-z; expires=¬Ò, 24 ÌÓˇ 2024 03:17:35 MSK; path=/; domain=.otus.ru; sameSite=Lax, _tt_enable_cookie=1; expires=¬Ò, 24 ÌÓˇ 2024 03:17:35 MSK; path=/; domain=.otus.ru; sameSite=Lax, _ym_visorc=w; expires=¬Ú, 31 ÓÍÚ 2023 03:47:38 MSK; path=/; domain=.otus.ru;secure;; sameSite=None, advcake_session_id=85db3dd2-0e03-6f57-6b15-0bba175a1723; expires=◊Ú, 30 ÌÓˇ 2023 03:17:35 MSK; path=/; domain=.otus.ru;secure;; sameSite=None, utm=utm_source%3Dtypein%26utm_medium%3Ddirect; expires=—, 04 ‰ÂÍ 2024 03:17:41 MSK; path=/; domain=.otus.ru; sameSite=Lax]
2023-10-31 15:18:58,566 INFO i.g.b.w.WebDriverManager [main] Using chromedriver 118.0.5993.70 (resolved driver for Chrome 118)
2023-10-31 15:18:58,654 INFO i.g.b.w.WebDriverManager [main] Exporting webdriver.chrome.driver as C:\Users\tyavi\.cache\selenium\chromedriver\win64\118.0.5993.70\chromedriver.exe
2023-10-31 15:20:24,439 INFO TestWithElements [main] [auth_token_expires=1793362823; expires=—, 04 ‰ÂÍ 2024 03:20:24 MSK; path=/; domain=.otus.ru; sameSite=Lax, advcake_track_id=2d743957-6284-acf4-49b2-4d22d02043d1; expires=◊Ú, 30 ÌÓˇ 2023 03:20:08 MSK; path=/; domain=.otus.ru;secure;; sameSite=None, oid=237eed513e5de1bb761f9db08dc0ffc7; expires=—, 04 ‰ÂÍ 2024 03:20:24 MSK; path=/; domain=.otus.ru; sameSite=Lax, sessionid=ryes4t78my8m0ygazxe5ao19bpser22g; expires=œÌ, 29 ˇÌ‚ 2024 03:20:23 MSK; path=/; domain=otus.ru;secure;; sameSite=Lax, _ym_d=1698754808; expires=—, 30 ÓÍÚ 2024 03:20:07 MSK; path=/; domain=.otus.ru;secure;; sameSite=None, _tt_enable_cookie=1; expires=¬Ò, 24 ÌÓˇ 2024 03:20:09 MSK; path=/; domain=.otus.ru; sameSite=Lax, utm=utm_source%3Dtypein%26utm_medium%3Ddirect; expires=—, 04 ‰ÂÍ 2024 03:20:24 MSK; path=/; domain=.otus.ru; sameSite=Lax, _ym_uid=1698754808272026405; expires=—, 30 ÓÍÚ 2024 03:20:07 MSK; path=/; domain=.otus.ru;secure;; sameSite=None, _ym_isad=2; expires=—, 01 ÌÓˇ 2023 11:20:09 MSK; path=/; domain=.otus.ru;secure;; sameSite=None, _ga=GA1.1.2038124821.1698754809; expires=—, 04 ‰ÂÍ 2024 03:20:09 MSK; path=/; domain=.otus.ru; sameSite=Lax, _ga_N2GWLW9R5Z=GS1.1.1698754808.1.0.1698754808.60.0.0; expires=—, 04 ‰ÂÍ 2024 03:20:09 MSK; path=/; domain=.otus.ru; sameSite=Lax, auth_token=adoItf3aK17GmT57ZJZ5ng; expires=—, 04 ‰ÂÍ 2024 03:20:24 MSK; path=/; domain=.otus.ru; sameSite=Lax, _ttp=O8Au96gFb9hba8DzPTkONx2gA-2; expires=¬Ò, 24 ÌÓˇ 2024 03:20:09 MSK; path=/; domain=.otus.ru; sameSite=Lax, advcake_session_id=ef83ccff-8ab8-f25f-0301-b648aa11a957; expires=◊Ú, 30 ÌÓˇ 2023 03:20:08 MSK; path=/; domain=.otus.ru;secure;; sameSite=None]
2023-10-31 15:26:00,551 INFO i.g.b.w.WebDriverManager [main] Using chromedriver 118.0.5993.70 (resolved driver for Chrome 118)
2023-10-31 15:26:00,663 INFO i.g.b.w.WebDriverManager [main] Exporting webdriver.chrome.driver as C:\Users\tyavi\.cache\selenium\chromedriver\win64\118.0.5993.70\chromedriver.exe
2023-10-31 15:26:52,037 INFO TestWithElements [main] [_ym_uid=1698755204829411954; expires=—, 30 ÓÍÚ 2024 03:26:43 MSK; path=/; domain=.otus.ru;secure;; sameSite=None, advcake_track_id=846714c4-ed0a-8006-fec8-61bc17e2ac99; expires=◊Ú, 30 ÌÓˇ 2023 03:26:44 MSK; path=/; domain=.otus.ru;secure;; sameSite=None, _ym_isad=2; expires=—, 01 ÌÓˇ 2023 11:26:44 MSK; path=/; domain=.otus.ru;secure;; sameSite=None, _ga=GA1.1.233741936.1698755204; expires=—, 04 ‰ÂÍ 2024 03:26:44 MSK; path=/; domain=.otus.ru; sameSite=Lax, _ga_N2GWLW9R5Z=GS1.1.1698755204.1.0.1698755204.60.0.0; expires=—, 04 ‰ÂÍ 2024 03:26:44 MSK; path=/; domain=.otus.ru; sameSite=Lax, _ym_d=1698755204; expires=—, 30 ÓÍÚ 2024 03:26:43 MSK; path=/; domain=.otus.ru;secure;; sameSite=None, oid=092f16ed9ca5d179eaf8f93ed81aaa95; expires=—, 04 ‰ÂÍ 2024 03:26:48 MSK; path=/; domain=.otus.ru; sameSite=Lax, _ttp=pw7flfbM0THs8s8aAQPRWGqEXVm; expires=¬Ò, 24 ÌÓˇ 2024 03:26:45 MSK; path=/; domain=.otus.ru; sameSite=Lax, _tt_enable_cookie=1; expires=¬Ò, 24 ÌÓˇ 2024 03:26:45 MSK; path=/; domain=.otus.ru; sameSite=Lax, _ym_visorc=b; expires=¬Ú, 31 ÓÍÚ 2023 03:56:47 MSK; path=/; domain=.otus.ru;secure;; sameSite=None, advcake_session_id=d0666c86-f1c3-e1b2-213e-ef644adcec8f; expires=◊Ú, 30 ÌÓˇ 2023 03:26:44 MSK; path=/; domain=.otus.ru;secure;; sameSite=None, utm=utm_source%3Dtypein%26utm_medium%3Ddirect; expires=—, 04 ‰ÂÍ 2024 03:26:48 MSK; path=/; domain=.otus.ru; sameSite=Lax]
